\BOOKMARK [0][-]{chapter.1}{\376\377\000I\000n\000t\000r\000o\000d\000u\000\347\000\343\000o}{}% 1
\BOOKMARK [1][-]{section.1.1}{\376\377\000T\000e\000m\000a}{chapter.1}% 2
\BOOKMARK [1][-]{section.1.2}{\376\377\000D\000e\000l\000i\000m\000i\000t\000a\000\347\000\343\000o}{chapter.1}% 3
\BOOKMARK [1][-]{section.1.3}{\376\377\000J\000u\000s\000t\000i\000f\000i\000c\000a\000t\000i\000v\000a}{chapter.1}% 4
\BOOKMARK [1][-]{section.1.4}{\376\377\000O\000b\000j\000e\000t\000i\000v\000o\000s}{chapter.1}% 5
\BOOKMARK [1][-]{section.1.5}{\376\377\000M\000e\000t\000o\000d\000o\000l\000o\000g\000i\000a}{chapter.1}% 6
\BOOKMARK [1][-]{section.1.6}{\376\377\000D\000e\000s\000c\000r\000i\000\347\000\343\000o}{chapter.1}% 7
\BOOKMARK [0][-]{chapter.2}{\376\377\000F\000u\000n\000d\000a\000m\000e\000n\000t\000a\000\347\000\343\000o\000\040\000T\000e\000\363\000r\000i\000c\000a}{}% 8
\BOOKMARK [1][-]{section.2.1}{\376\377\000D\000e\000f\000i\000n\000i\000\347\000\343\000o\000\040\000d\000o\000\040\000p\000r\000o\000b\000l\000e\000m\000a}{chapter.2}% 9
\BOOKMARK [2][-]{subsection.2.1.1}{\376\377\000O\000\040\000P\000r\000o\000b\000l\000e\000m\000a\000\040\000d\000e\000\040\000R\000o\000t\000e\000a\000m\000e\000n\000t\000o\000\040\000d\000e\000\040\000V\000e\000\355\000c\000u\000l\000o\000s}{section.2.1}% 10
\BOOKMARK [2][-]{subsection.2.1.2}{\376\377\000M\000e\000t\000o\000d\000o\000l\000o\000g\000i\000a\000\040\000d\000e\000\040\000A\000v\000a\000l\000i\000a\000\347\000\343\000o\000\040\000e\000\040\000o\000\040\000B\000e\000n\000c\000h\000m\000a\000r\000k\000\040\000d\000e\000\040\000S\000o\000l\000o\000m\000o\000n}{section.2.1}% 11
\BOOKMARK [1][-]{section.2.2}{\376\377\000S\000e\000l\000e\000\347\000\343\000o\000\040\000d\000o\000\040\000T\000r\000i\000o\000\040\000d\000e\000\040\000M\000e\000t\000a\000-\000h\000e\000u\000r\000\355\000s\000t\000i\000c\000a\000s}{chapter.2}% 12
\BOOKMARK [2][-]{subsection.2.2.1}{\376\377\000R\000e\000c\000o\000z\000i\000m\000e\000n\000t\000o\000\040\000S\000i\000m\000u\000l\000a\000d\000o}{section.2.2}% 13
\BOOKMARK [1][-]{section.2.3}{\376\377\000S\000i\000s\000t\000e\000m\000a\000\040\000m\000u\000l\000t\000i\000-\000a\000g\000e\000n\000t\000e}{chapter.2}% 14
\BOOKMARK [2][-]{subsection.2.3.1}{\376\377\000F\000r\000a\000m\000e\000w\000o\000r\000k\000\040\000M\000e\000s\000a}{section.2.3}% 15
\BOOKMARK [2][-]{subsection.2.3.2}{\376\377\000E\000s\000t\000r\000a\000t\000\351\000g\000i\000a\000\040\000d\000e\000\040\000c\000o\000o\000p\000e\000r\000a\000\347\000\343\000o\000:\000\040\000P\000a\000t\000h\000\040\000R\000e\000l\000i\000n\000k\000i\000n\000g}{section.2.3}% 16
\BOOKMARK [1][-]{section.2.4}{\376\377\000A\000p\000r\000e\000n\000d\000i\000z\000a\000d\000o\000\040\000p\000o\000r\000\040\000R\000e\000f\000o\000r\000\347\000o}{chapter.2}% 17
\BOOKMARK [2][-]{subsection.2.4.1}{\376\377\000Q\000-\000L\000e\000a\000r\000n\000i\000n\000g}{section.2.4}% 18
\BOOKMARK [0][-]{chapter.3}{\376\377\000D\000e\000s\000e\000n\000v\000o\000l\000v\000i\000m\000e\000n\000t\000o}{}% 19
\BOOKMARK [1][-]{section.3.1}{\376\377\000S\000o\000f\000t\000w\000a\000r\000e\000\040\000e\000\040\000H\000a\000r\000d\000w\000a\000r\000e}{chapter.3}% 20
\BOOKMARK [1][-]{section.3.2}{\376\377\000E\000t\000a\000p\000a\000s\000\040\000i\000n\000i\000c\000i\000a\000i\000s}{chapter.3}% 21
\BOOKMARK [1][-]{section.3.3}{\376\377\000T\000e\000s\000t\000e\000s\000\040\000c\000o\000m\000\040\000m\000e\000t\000a\000h\000e\000u\000r\000\355\000s\000t\000i\000c\000o\000s\000\040\000p\000u\000r\000o\000s}{chapter.3}% 22
\BOOKMARK [2][-]{subsection.3.3.1}{\376\377\000R\000e\000s\000u\000l\000t\000a\000d\000o\000s}{section.3.3}% 23
\BOOKMARK [2][-]{subsection.3.3.2}{\376\377\000A\000n\000\341\000l\000i\000s\000e\000\040\000c\000o\000m\000p\000a\000r\000a\000t\000i\000v\000a}{section.3.3}% 24
\BOOKMARK [1][-]{section.3.4}{\376\377\000I\000m\000p\000l\000e\000m\000e\000n\000t\000a\000\347\000\343\000o\000\040\000d\000e\000\040\000s\000i\000s\000t\000e\000m\000a\000\040\000M\000u\000l\000t\000i\000-\000A\000g\000e\000n\000t\000e}{chapter.3}% 25
\BOOKMARK [2][-]{subsection.3.4.1}{\376\377\000A\000r\000q\000u\000i\000t\000e\000t\000u\000r\000a\000\040\000e\000\040\000C\000o\000m\000p\000o\000n\000e\000n\000t\000e\000s\000\040\000d\000o\000\040\000S\000i\000s\000t\000e\000m\000a}{section.3.4}% 26
\BOOKMARK [2][-]{subsection.3.4.2}{\376\377\000C\000o\000o\000p\000e\000r\000a\000\347\000\343\000o\000\040\000e\000\040\000a\000\040\000E\000s\000t\000r\000a\000t\000\351\000g\000i\000a\000\040\000d\000e\000\040\000P\000a\000t\000h\000\040\000R\000e\000l\000i\000n\000k\000i\000n\000g}{section.3.4}% 27
\BOOKMARK [2][-]{subsection.3.4.3}{\376\377\000R\000e\000s\000u\000l\000t\000a\000d\000o\000s}{section.3.4}% 28
\BOOKMARK [2][-]{subsection.3.4.4}{\376\377\000A\000n\000\341\000l\000i\000s\000e\000\040\000d\000o\000s\000\040\000r\000e\000s\000u\000l\000t\000a\000d\000o\000s}{section.3.4}% 29
\BOOKMARK [1][-]{section.3.5}{\376\377\000H\000i\000p\000e\000r\000-\000h\000e\000u\000r\000\355\000s\000t\000i\000c\000a\000\040\000b\000a\000s\000e\000a\000d\000a\000\040\000e\000m\000\040\000A\000p\000r\000e\000n\000d\000i\000z\000a\000d\000o\000\040\000p\000o\000r\000\040\000R\000e\000f\000o\000r\000\347\000o}{chapter.3}% 30
\BOOKMARK [2][-]{subsection.3.5.1}{\376\377\000M\000o\000d\000e\000l\000a\000g\000e\000m\000\040\000d\000o\000\040\000Q\000-\000L\000e\000a\000r\000n\000i\000n\000g}{section.3.5}% 31
\BOOKMARK [2][-]{subsection.3.5.2}{\376\377\000D\000i\000n\000\342\000m\000i\000c\000a\000\040\000d\000e\000\040\000C\000o\000o\000p\000e\000r\000a\000\347\000\343\000o\000\040\000e\000\040\000A\000t\000u\000a\000l\000i\000z\000a\000\347\000\343\000o}{section.3.5}% 32
\BOOKMARK [2][-]{subsection.3.5.3}{\376\377\000R\000e\000s\000u\000l\000t\000a\000d\000o\000s}{section.3.5}% 33
\BOOKMARK [2][-]{subsection.3.5.4}{\376\377\000A\000n\000\341\000l\000i\000s\000e\000\040\000d\000o\000s\000\040\000R\000e\000s\000u\000l\000t\000a\000d\000o\000s}{section.3.5}% 34
\BOOKMARK [0][-]{chapter.4}{\376\377\000C\000o\000n\000c\000l\000u\000s\000\343\000o}{}% 35
\BOOKMARK [1][-]{section.4.1}{\376\377\000R\000e\000s\000u\000l\000t\000a\000d\000o\000s\000\040\000e\000\040\000a\000n\000\341\000l\000i\000s\000e\000s\000\040\000f\000i\000n\000a\000i\000s}{chapter.4}% 36
\BOOKMARK [1][-]{section.4.2}{\376\377\000O\000p\000o\000r\000t\000u\000n\000i\000d\000a\000d\000e\000s\000\040\000d\000e\000\040\000m\000e\000l\000h\000o\000r\000i\000a}{chapter.4}% 37
\BOOKMARK [0][-]{section*.134}{\376\377\000B\000i\000b\000l\000i\000o\000g\000r\000a\000f\000i\000a}{}% 38
\BOOKMARK [0][-]{appendix.A}{\376\377\000B\000e\000n\000c\000h\000m\000a\000r\000k\000\040\000d\000e\000\040\000S\000o\000l\000o\000m\000o\000n}{}% 39
\BOOKMARK [0][-]{appendix.B}{\376\377\000E\000s\000t\000i\000m\000a\000t\000i\000v\000a\000\040\000p\000a\000r\000a\000\040\000B\000u\000s\000c\000a\000\040\000E\000x\000a\000u\000s\000t\000i\000v\000a}{}% 40
