This is pdfTeX, Version 3.141592653-2.6-1.40.29 (MiKTeX 26.2) (preloaded format=pdflatex 2026.3.28)  15 JUN 2026 14:37
entering extended mode
 restricted \write18 enabled.
 file:line:error style messages enabled.
 %&-line parsing enabled.
**c:/Users/hugob/Documents/TCC/Projeto_de_Graduacao___Hugo_de_Barros_Araujo/Projeto_de_Graduacao___Hugo_de_Barros_Araujo.tex
(c:/Users/hugob/Documents/TCC/Projeto_de_Graduacao___Hugo_de_Barros_Araujo/Projeto_de_Graduacao___Hugo_de_Barros_Araujo.tex
LaTeX2e <2025-11-01>
L3 programming layer <2026-01-19>
(C:\Users\hugob\AppData\Local\Programs\MiKTeX\tex/latex/base\book.cls
Document Class: book 2025/01/22 v1.4n Standard LaTeX document class
(C:\Users\hugob\AppData\Local\Programs\MiKTeX\tex/latex/base\bk12.clo
File: bk12.clo 2025/01/22 v1.4n Standard LaTeX file (size option)
)
\c@part=\count275
\c@chapter=\count276
\c@section=\count277
\c@subsection=\count278
\c@subsubsection=\count279
\c@paragraph=\count280
\c@subparagraph=\count281
\c@figure=\count282
\c@table=\count283
\abovecaptionskip=\skip49
\belowcaptionskip=\skip50
\bibindent=\dimen148
) (C:\Users\hugob\AppData\Local\Programs\MiKTeX\tex/latex/base\inputenc.sty
Package: inputenc 2024/02/08 v1.3d Input encoding file
\inpenc@prehook=\toks17
\inpenc@posthook=\toks18
) (C:\Users\hugob\AppData\Local\Programs\MiKTeX\tex/latex/base\fontenc.sty
Package: fontenc 2025/07/18 v2.1d Standard LaTeX package
) (C:\Users\hugob\AppData\Local\Programs\MiKTeX\tex/latex/float\float.sty
Package: float 2001/11/08 v1.3d Float enhancements (AL)
\c@float@type=\count284
\float@exts=\toks19
\float@box=\box53
\@float@everytoks=\toks20
\@floatcapt=\box54
) (C:\Users\hugob\AppData\Local\Programs\MiKTeX\tex/latex/listings\listings.sty (C:\Users\hugob\AppData\Local\Programs\MiKTeX\tex/latex/graphics\keyval.sty
Package: keyval 2022/05/29 v1.15 key=value parser (DPC)
\KV@toks@=\toks21
)
\lst@mode=\count285
\lst@gtempboxa=\box55
\lst@token=\toks22
\lst@length=\count286
\lst@currlwidth=\dimen149
\lst@column=\count287
\lst@pos=\count288
\lst@lostspace=\dimen150
\lst@width=\dimen151
\lst@newlines=\count289
\lst@lineno=\count290
\lst@maxwidth=\dimen152
 (C:\Users\hugob\AppData\Local\Programs\MiKTeX\tex/latex/listings\lstpatch.sty
File: lstpatch.sty 2025/11/14 1.11b (Carsten Heinz)
) (C:\Users\hugob\AppData\Local\Programs\MiKTeX\tex/latex/listings\lstmisc.sty
File: lstmisc.sty 2025/11/14 1.11b (Carsten Heinz)
\c@lstnumber=\count291
\lst@skipnumbers=\count292
\lst@framebox=\box56
) (C:\Users\hugob\AppData\Local\Programs\MiKTeX\tex/latex/listings\listings.cfg
File: listings.cfg 2025/11/14 1.11b listings configuration
))
Package: listings 2025/11/14 1.11b (Carsten Heinz)

==> First Aid for listings.sty no longer applied!
    Expected:
        2024/09/23 1.10c (Carsten Heinz)
    but found:
        2025/11/14 1.11b (Carsten Heinz)
    so I'm assuming it got fixed.
(C:\Users\hugob\AppData\Local\Programs\MiKTeX\tex/latex/xcolor\xcolor.sty
Package: xcolor 2024/09/29 v3.02 LaTeX color extensions (UK)
 (C:\Users\hugob\AppData\Local\Programs\MiKTeX\tex/latex/graphics-cfg\color.cfg
File: color.cfg 2016/01/02 v1.6 sample color configuration
)
Package xcolor Info: Driver file: pdftex.def on input line 274.
 (C:\Users\hugob\AppData\Local\Programs\MiKTeX\tex/latex/graphics-def\pdftex.def
File: pdftex.def 2025/09/29 v1.2d Graphics/color driver for pdftex
) (C:\Users\hugob\AppData\Local\Programs\MiKTeX\tex/latex/graphics\mathcolor.ltx)
Package xcolor Info: Model `cmy' substituted by `cmy0' on input line 1349.
Package xcolor Info: Model `hsb' substituted by `rgb' on input line 1353.
Package xcolor Info: Model `RGB' extended on input line 1365.
Package xcolor Info: Model `HTML' substituted by `rgb' on input line 1367.
Package xcolor Info: Model `Hsb' substituted by `hsb' on input line 1368.
Package xcolor Info: Model `tHsb' substituted by `hsb' on input line 1369.
Package xcolor Info: Model `HSB' substituted by `hsb' on input line 1370.
Package xcolor Info: Model `Gray' substituted by `gray' on input line 1371.
Package xcolor Info: Model `wave' substituted by `hsb' on input line 1372.
) (C:\Users\hugob\AppData\Local\Programs\MiKTeX\tex/latex/pgf/frontendlayer\tikz.sty (C:\Users\hugob\AppData\Local\Programs\MiKTeX\tex/latex/pgf/basiclayer\pgf.sty (C:\Users\hugob\AppData\Local\Programs\MiKTeX\tex/latex/pgf/utilities\pgfrcs.sty (C:\Users\hugob\AppData\Local\Programs\MiKTeX\tex/generic/pgf/utilities\pgfutil-common.tex
\pgfutil@everybye=\toks23
\pgfutil@tempdima=\dimen153
\pgfutil@tempdimb=\dimen154
) (C:\Users\hugob\AppData\Local\Programs\MiKTeX\tex/generic/pgf/utilities\pgfutil-latex.def
\pgfutil@abb=\box57
) (C:\Users\hugob\AppData\Local\Programs\MiKTeX\tex/generic/pgf/utilities\pgfrcs.code.tex (C:\Users\hugob\AppData\Local\Programs\MiKTeX\tex/generic/pgf\pgf.revision.tex)
Package: pgfrcs 2025-08-29 v3.1.11a (3.1.11a)
))
Package: pgf 2025-08-29 v3.1.11a (3.1.11a)
 (C:\Users\hugob\AppData\Local\Programs\MiKTeX\tex/latex/pgf/basiclayer\pgfcore.sty (C:\Users\hugob\AppData\Local\Programs\MiKTeX\tex/latex/graphics\graphicx.sty
Package: graphicx 2024/12/31 v1.2e Enhanced LaTeX Graphics (DPC,SPQR)
 (C:\Users\hugob\AppData\Local\Programs\MiKTeX\tex/latex/graphics\graphics.sty
Package: graphics 2024/08/06 v1.4g Standard LaTeX Graphics (DPC,SPQR)
 (C:\Users\hugob\AppData\Local\Programs\MiKTeX\tex/latex/graphics\trig.sty
Package: trig 2023/12/02 v1.11 sin cos tan (DPC)
) (C:\Users\hugob\AppData\Local\Programs\MiKTeX\tex/latex/graphics-cfg\graphics.cfg
File: graphics.cfg 2016/06/04 v1.11 sample graphics configuration
)
Package graphics Info: Driver file: pdftex.def on input line 106.
)
\Gin@req@height=\dimen155
\Gin@req@width=\dimen156
) (C:\Users\hugob\AppData\Local\Programs\MiKTeX\tex/latex/pgf/systemlayer\pgfsys.sty (C:\Users\hugob\AppData\Local\Programs\MiKTeX\tex/generic/pgf/systemlayer\pgfsys.code.tex
Package: pgfsys 2025-08-29 v3.1.11a (3.1.11a)
 (C:\Users\hugob\AppData\Local\Programs\MiKTeX\tex/generic/pgf/utilities\pgfkeys.code.tex
\pgfkeys@pathtoks=\toks24
\pgfkeys@temptoks=\toks25
 (C:\Users\hugob\AppData\Local\Programs\MiKTeX\tex/generic/pgf/utilities\pgfkeyslibraryfiltered.code.tex
\pgfkeys@tmptoks=\toks26
))
\pgf@x=\dimen157
\pgf@y=\dimen158
\pgf@xa=\dimen159
\pgf@ya=\dimen160
\pgf@xb=\dimen161
\pgf@yb=\dimen162
\pgf@xc=\dimen163
\pgf@yc=\dimen164
\pgf@xd=\dimen165
\pgf@yd=\dimen166
\w@pgf@writea=\write3
\r@pgf@reada=\read2
\c@pgf@counta=\count293
\c@pgf@countb=\count294
\c@pgf@countc=\count295
\c@pgf@countd=\count296
\t@pgf@toka=\toks27
\t@pgf@tokb=\toks28
\t@pgf@tokc=\toks29
\pgf@sys@id@count=\count297
 (C:\Users\hugob\AppData\Local\Programs\MiKTeX\tex/generic/pgf/systemlayer\pgf.cfg
File: pgf.cfg 2025-08-29 v3.1.11a (3.1.11a)
)
Driver file for pgf: pgfsys-pdftex.def
 (C:\Users\hugob\AppData\Local\Programs\MiKTeX\tex/generic/pgf/systemlayer\pgfsys-pdftex.def
File: pgfsys-pdftex.def 2025-08-29 v3.1.11a (3.1.11a)
 (C:\Users\hugob\AppData\Local\Programs\MiKTeX\tex/generic/pgf/systemlayer\pgfsys-common-pdf.def
File: pgfsys-common-pdf.def 2025-08-29 v3.1.11a (3.1.11a)
))) (C:\Users\hugob\AppData\Local\Programs\MiKTeX\tex/generic/pgf/systemlayer\pgfsyssoftpath.code.tex
File: pgfsyssoftpath.code.tex 2025-08-29 v3.1.11a (3.1.11a)
\pgfsyssoftpath@smallbuffer@items=\count298
\pgfsyssoftpath@bigbuffer@items=\count299
) (C:\Users\hugob\AppData\Local\Programs\MiKTeX\tex/generic/pgf/systemlayer\pgfsysprotocol.code.tex
File: pgfsysprotocol.code.tex 2025-08-29 v3.1.11a (3.1.11a)
)) (C:\Users\hugob\AppData\Local\Programs\MiKTeX\tex/generic/pgf/basiclayer\pgfcore.code.tex
Package: pgfcore 2025-08-29 v3.1.11a (3.1.11a)
 (C:\Users\hugob\AppData\Local\Programs\MiKTeX\tex/generic/pgf/math\pgfmath.code.tex (C:\Users\hugob\AppData\Local\Programs\MiKTeX\tex/generic/pgf/math\pgfmathutil.code.tex) (C:\Users\hugob\AppData\Local\Programs\MiKTeX\tex/generic/pgf/math\pgfmathparser.code.tex
\pgfmath@dimen=\dimen167
\pgfmath@count=\count300
\pgfmath@box=\box58
\pgfmath@toks=\toks30
\pgfmath@stack@operand=\toks31
\pgfmath@stack@operation=\toks32
) (C:\Users\hugob\AppData\Local\Programs\MiKTeX\tex/generic/pgf/math\pgfmathfunctions.code.tex) (C:\Users\hugob\AppData\Local\Programs\MiKTeX\tex/generic/pgf/math\pgfmathfunctions.basic.code.tex) (C:\Users\hugob\AppData\Local\Programs\MiKTeX\tex/generic/pgf/math\pgfmathfunctions.trigonometric.code.tex) (C:\Users\hugob\AppData\Local\Programs\MiKTeX\tex/generic/pgf/math\pgfmathfunctions.random.code.tex) (C:\Users\hugob\AppData\Local\Programs\MiKTeX\tex/generic/pgf/math\pgfmathfunctions.comparison.code.tex) (C:\Users\hugob\AppData\Local\Programs\MiKTeX\tex/generic/pgf/math\pgfmathfunctions.base.code.tex) (C:\Users\hugob\AppData\Local\Programs\MiKTeX\tex/generic/pgf/math\pgfmathfunctions.round.code.tex) (C:\Users\hugob\AppData\Local\Programs\MiKTeX\tex/generic/pgf/math\pgfmathfunctions.misc.code.tex) (C:\Users\hugob\AppData\Local\Programs\MiKTeX\tex/generic/pgf/math\pgfmathfunctions.integerarithmetics.code.tex) (C:\Users\hugob\AppData\Local\Programs\MiKTeX\tex/generic/pgf/math\pgfmathcalc.code.tex) (C:\Users\hugob\AppData\Local\Programs\MiKTeX\tex/generic/pgf/math\pgfmathfloat.code.tex
\c@pgfmathroundto@lastzeros=\count301
)) (C:\Users\hugob\AppData\Local\Programs\MiKTeX\tex/generic/pgf/math\pgfint.code.tex) (C:\Users\hugob\AppData\Local\Programs\MiKTeX\tex/generic/pgf/basiclayer\pgfcorepoints.code.tex
File: pgfcorepoints.code.tex 2025-08-29 v3.1.11a (3.1.11a)
\pgf@picminx=\dimen168
\pgf@picmaxx=\dimen169
\pgf@picminy=\dimen170
\pgf@picmaxy=\dimen171
\pgf@pathminx=\dimen172
\pgf@pathmaxx=\dimen173
\pgf@pathminy=\dimen174
\pgf@pathmaxy=\dimen175
\pgf@xx=\dimen176
\pgf@xy=\dimen177
\pgf@yx=\dimen178
\pgf@yy=\dimen179
\pgf@zx=\dimen180
\pgf@zy=\dimen181
) (C:\Users\hugob\AppData\Local\Programs\MiKTeX\tex/generic/pgf/basiclayer\pgfcorepathconstruct.code.tex
File: pgfcorepathconstruct.code.tex 2025-08-29 v3.1.11a (3.1.11a)
\pgf@path@lastx=\dimen182
\pgf@path@lasty=\dimen183
) (C:\Users\hugob\AppData\Local\Programs\MiKTeX\tex/generic/pgf/basiclayer\pgfcorepathusage.code.tex
File: pgfcorepathusage.code.tex 2025-08-29 v3.1.11a (3.1.11a)
\pgf@shorten@end@additional=\dimen184
\pgf@shorten@start@additional=\dimen185
) (C:\Users\hugob\AppData\Local\Programs\MiKTeX\tex/generic/pgf/basiclayer\pgfcorescopes.code.tex
File: pgfcorescopes.code.tex 2025-08-29 v3.1.11a (3.1.11a)
\pgfpic=\box59
\pgf@hbox=\box60
\pgf@layerbox@main=\box61
\pgf@picture@serial@count=\count302
) (C:\Users\hugob\AppData\Local\Programs\MiKTeX\tex/generic/pgf/basiclayer\pgfcoregraphicstate.code.tex
File: pgfcoregraphicstate.code.tex 2025-08-29 v3.1.11a (3.1.11a)
\pgflinewidth=\dimen186
) (C:\Users\hugob\AppData\Local\Programs\MiKTeX\tex/generic/pgf/basiclayer\pgfcoretransformations.code.tex
File: pgfcoretransformations.code.tex 2025-08-29 v3.1.11a (3.1.11a)
\pgf@pt@x=\dimen187
\pgf@pt@y=\dimen188
\pgf@pt@temp=\dimen189
) (C:\Users\hugob\AppData\Local\Programs\MiKTeX\tex/generic/pgf/basiclayer\pgfcorequick.code.tex
File: pgfcorequick.code.tex 2025-08-29 v3.1.11a (3.1.11a)
) (C:\Users\hugob\AppData\Local\Programs\MiKTeX\tex/generic/pgf/basiclayer\pgfcoreobjects.code.tex
File: pgfcoreobjects.code.tex 2025-08-29 v3.1.11a (3.1.11a)
) (C:\Users\hugob\AppData\Local\Programs\MiKTeX\tex/generic/pgf/basiclayer\pgfcorepathprocessing.code.tex
File: pgfcorepathprocessing.code.tex 2025-08-29 v3.1.11a (3.1.11a)
) (C:\Users\hugob\AppData\Local\Programs\MiKTeX\tex/generic/pgf/basiclayer\pgfcorearrows.code.tex
File: pgfcorearrows.code.tex 2025-08-29 v3.1.11a (3.1.11a)
\pgfarrowsep=\dimen190
) (C:\Users\hugob\AppData\Local\Programs\MiKTeX\tex/generic/pgf/basiclayer\pgfcoreshade.code.tex
File: pgfcoreshade.code.tex 2025-08-29 v3.1.11a (3.1.11a)
\pgf@max=\dimen191
\pgf@sys@shading@range@num=\count303
\pgf@shadingcount=\count304
) (C:\Users\hugob\AppData\Local\Programs\MiKTeX\tex/generic/pgf/basiclayer\pgfcoreimage.code.tex
File: pgfcoreimage.code.tex 2025-08-29 v3.1.11a (3.1.11a)
) (C:\Users\hugob\AppData\Local\Programs\MiKTeX\tex/generic/pgf/basiclayer\pgfcoreexternal.code.tex
File: pgfcoreexternal.code.tex 2025-08-29 v3.1.11a (3.1.11a)
\pgfexternal@startupbox=\box62
) (C:\Users\hugob\AppData\Local\Programs\MiKTeX\tex/generic/pgf/basiclayer\pgfcorelayers.code.tex
File: pgfcorelayers.code.tex 2025-08-29 v3.1.11a (3.1.11a)
) (C:\Users\hugob\AppData\Local\Programs\MiKTeX\tex/generic/pgf/basiclayer\pgfcoretransparency.code.tex
File: pgfcoretransparency.code.tex 2025-08-29 v3.1.11a (3.1.11a)
) (C:\Users\hugob\AppData\Local\Programs\MiKTeX\tex/generic/pgf/basiclayer\pgfcorepatterns.code.tex
File: pgfcorepatterns.code.tex 2025-08-29 v3.1.11a (3.1.11a)
) (C:\Users\hugob\AppData\Local\Programs\MiKTeX\tex/generic/pgf/basiclayer\pgfcorerdf.code.tex
File: pgfcorerdf.code.tex 2025-08-29 v3.1.11a (3.1.11a)
))) (C:\Users\hugob\AppData\Local\Programs\MiKTeX\tex/generic/pgf/modules\pgfmoduleshapes.code.tex
File: pgfmoduleshapes.code.tex 2025-08-29 v3.1.11a (3.1.11a)
\pgfnodeparttextbox=\box63
) (C:\Users\hugob\AppData\Local\Programs\MiKTeX\tex/generic/pgf/modules\pgfmoduleplot.code.tex
File: pgfmoduleplot.code.tex 2025-08-29 v3.1.11a (3.1.11a)
) (C:\Users\hugob\AppData\Local\Programs\MiKTeX\tex/latex/pgf/compatibility\pgfcomp-version-0-65.sty
Package: pgfcomp-version-0-65 2025-08-29 v3.1.11a (3.1.11a)
\pgf@nodesepstart=\dimen192
\pgf@nodesepend=\dimen193
) (C:\Users\hugob\AppData\Local\Programs\MiKTeX\tex/latex/pgf/compatibility\pgfcomp-version-1-18.sty
Package: pgfcomp-version-1-18 2025-08-29 v3.1.11a (3.1.11a)
)) (C:\Users\hugob\AppData\Local\Programs\MiKTeX\tex/latex/pgf/utilities\pgffor.sty (C:\Users\hugob\AppData\Local\Programs\MiKTeX\tex/latex/pgf/utilities\pgfkeys.sty (C:\Users\hugob\AppData\Local\Programs\MiKTeX\tex/generic/pgf/utilities\pgfkeys.code.tex)) (C:\Users\hugob\AppData\Local\Programs\MiKTeX\tex/latex/pgf/math\pgfmath.sty (C:\Users\hugob\AppData\Local\Programs\MiKTeX\tex/generic/pgf/math\pgfmath.code.tex)) (C:\Users\hugob\AppData\Local\Programs\MiKTeX\tex/generic/pgf/utilities\pgffor.code.tex
Package: pgffor 2025-08-29 v3.1.11a (3.1.11a)
\pgffor@iter=\dimen194
\pgffor@skip=\dimen195
\pgffor@stack=\toks33
\pgffor@toks=\toks34
)) (C:\Users\hugob\AppData\Local\Programs\MiKTeX\tex/generic/pgf/frontendlayer/tikz\tikz.code.tex
Package: tikz 2025-08-29 v3.1.11a (3.1.11a)
 (C:\Users\hugob\AppData\Local\Programs\MiKTeX\tex/generic/pgf/libraries\pgflibraryplothandlers.code.tex
File: pgflibraryplothandlers.code.tex 2025-08-29 v3.1.11a (3.1.11a)
\pgf@plot@mark@count=\count305
\pgfplotmarksize=\dimen196
)
\tikz@lastx=\dimen197
\tikz@lasty=\dimen198
\tikz@lastxsaved=\dimen199
\tikz@lastysaved=\dimen256
\tikz@lastmovetox=\dimen257
\tikz@lastmovetoy=\dimen258
\tikzleveldistance=\dimen259
\tikzsiblingdistance=\dimen260
\tikz@figbox=\box64
\tikz@figbox@bg=\box65
\tikz@tempbox=\box66
\tikz@tempbox@bg=\box67
\tikztreelevel=\count306
\tikznumberofchildren=\count307
\tikznumberofcurrentchild=\count308
\tikz@fig@count=\count309
 (C:\Users\hugob\AppData\Local\Programs\MiKTeX\tex/generic/pgf/modules\pgfmodulematrix.code.tex
File: pgfmodulematrix.code.tex 2025-08-29 v3.1.11a (3.1.11a)
\pgfmatrixcurrentrow=\count310
\pgfmatrixcurrentcolumn=\count311
\pgf@matrix@numberofcolumns=\count312
)
\tikz@expandcount=\count313
 (C:\Users\hugob\AppData\Local\Programs\MiKTeX\tex/generic/pgf/frontendlayer/tikz/libraries\tikzlibrarytopaths.code.tex
File: tikzlibrarytopaths.code.tex 2025-08-29 v3.1.11a (3.1.11a)
))) (C:\Users\hugob\AppData\Local\Programs\MiKTeX\tex/latex/booktabs\booktabs.sty
Package: booktabs 2020/01/12 v1.61803398 Publication quality tables
\heavyrulewidth=\dimen261
\lightrulewidth=\dimen262
\cmidrulewidth=\dimen263
\belowrulesep=\dimen264
\belowbottomsep=\dimen265
\aboverulesep=\dimen266
\abovetopsep=\dimen267
\cmidrulesep=\dimen268
\cmidrulekern=\dimen269
\defaultaddspace=\dimen270
\@cmidla=\count314
\@cmidlb=\count315
\@aboverulesep=\dimen271
\@belowrulesep=\dimen272
\@thisruleclass=\count316
\@lastruleclass=\count317
\@thisrulewidth=\dimen273
) (C:\Users\hugob\AppData\Local\Programs\MiKTeX\tex/latex/multirow\multirow.sty
Package: multirow 2024/11/12 v2.9 Span multiple rows of a table
\multirow@colwidth=\skip51
\multirow@cntb=\count318
\multirow@dima=\skip52
\bigstrutjot=\dimen274
) (C:\Users\hugob\AppData\Local\Programs\MiKTeX\tex/latex/tools\tabularx.sty
Package: tabularx 2023/12/11 v2.12a `tabularx' package (DPC)
 (C:\Users\hugob\AppData\Local\Programs\MiKTeX\tex/latex/tools\array.sty
Package: array 2025/09/25 v2.6n Tabular extension package (FMi)
\col@sep=\dimen275
\ar@mcellbox=\box68
\extrarowheight=\dimen276
\NC@list=\toks35
\extratabsurround=\skip53
\backup@length=\skip54
\ar@cellbox=\box69
)
\TX@col@width=\dimen277
\TX@old@table=\dimen278
\TX@old@col=\dimen279
\TX@target=\dimen280
\TX@delta=\dimen281
\TX@cols=\count319
\TX@ftn=\toks36
) (C:\Users\hugob\AppData\Local\Programs\MiKTeX\tex/generic/pgf/libraries\pgflibraryarrows.meta.code.tex
File: pgflibraryarrows.meta.code.tex 2025-08-29 v3.1.11a (3.1.11a)
\pgfarrowinset=\dimen282
\pgfarrowlength=\dimen283
\pgfarrowwidth=\dimen284
\pgfarrowlinewidth=\dimen285
) (C:\Users\hugob\AppData\Local\Programs\MiKTeX\tex/generic/pgf/frontendlayer/tikz/libraries\tikzlibrarypositioning.code.tex
File: tikzlibrarypositioning.code.tex 2025-08-29 v3.1.11a (3.1.11a)
) (C:\Users\hugob\AppData\Local\Programs\MiKTeX\tex/latex/hyperref\hyperref.sty
Package: hyperref 2026-01-29 v7.01p Hypertext links for LaTeX
 (C:\Users\hugob\AppData\Local\Programs\MiKTeX\tex/generic/iftex\iftex.sty
Package: iftex 2024/12/12 v1.0g TeX engine tests
) (C:\Users\hugob\AppData\Local\Programs\MiKTeX\tex/latex/kvsetkeys\kvsetkeys.sty
Package: kvsetkeys 2022-10-05 v1.19 Key value parser (HO)
) (C:\Users\hugob\AppData\Local\Programs\MiKTeX\tex/generic/kvdefinekeys\kvdefinekeys.sty
Package: kvdefinekeys 2019-12-19 v1.6 Define keys (HO)
) (C:\Users\hugob\AppData\Local\Programs\MiKTeX\tex/generic/pdfescape\pdfescape.sty
Package: pdfescape 2019/12/09 v1.15 Implements pdfTeX's escape features (HO)
 (C:\Users\hugob\AppData\Local\Programs\MiKTeX\tex/generic/ltxcmds\ltxcmds.sty
Package: ltxcmds 2023-12-04 v1.26 LaTeX kernel commands for general use (HO)
) (C:\Users\hugob\AppData\Local\Programs\MiKTeX\tex/generic/pdftexcmds\pdftexcmds.sty
Package: pdftexcmds 2020-06-27 v0.33 Utility functions of pdfTeX for LuaTeX (HO)
 (C:\Users\hugob\AppData\Local\Programs\MiKTeX\tex/generic/infwarerr\infwarerr.sty
Package: infwarerr 2019/12/03 v1.5 Providing info/warning/error messages (HO)
)
Package pdftexcmds Info: \pdf@primitive is available.
Package pdftexcmds Info: \pdf@ifprimitive is available.
Package pdftexcmds Info: \pdfdraftmode found.
)) (C:\Users\hugob\AppData\Local\Programs\MiKTeX\tex/latex/hycolor\hycolor.sty
Package: hycolor 2020-01-27 v1.10 Color options for hyperref/bookmark (HO)
) (C:\Users\hugob\AppData\Local\Programs\MiKTeX\tex/latex/hyperref\nameref.sty
Package: nameref 2026-01-29 v2.58 Cross-referencing by name of section
 (C:\Users\hugob\AppData\Local\Programs\MiKTeX\tex/latex/refcount\refcount.sty
Package: refcount 2019/12/15 v3.6 Data extraction from label references (HO)
) (C:\Users\hugob\AppData\Local\Programs\MiKTeX\tex/generic/gettitlestring\gettitlestring.sty
Package: gettitlestring 2019/12/15 v1.6 Cleanup title references (HO)
 (C:\Users\hugob\AppData\Local\Programs\MiKTeX\tex/latex/kvoptions\kvoptions.sty
Package: kvoptions 2022-06-15 v3.15 Key value format for package options (HO)
))
\c@section@level=\count320
) (C:\Users\hugob\AppData\Local\Programs\MiKTeX\tex/latex/etoolbox\etoolbox.sty
Package: etoolbox 2025/10/02 v2.5m e-TeX tools for LaTeX (JAW)
\etb@tempcnta=\count321
) (C:\Users\hugob\AppData\Local\Programs\MiKTeX\tex/generic/stringenc\stringenc.sty
Package: stringenc 2019/11/29 v1.12 Convert strings between diff. encodings (HO)
)
\@linkdim=\dimen286
\Hy@linkcounter=\count322
\Hy@pagecounter=\count323
 (C:\Users\hugob\AppData\Local\Programs\MiKTeX\tex/latex/hyperref\pd1enc.def
File: pd1enc.def 2026-01-29 v7.01p Hyperref: PDFDocEncoding definition (HO)
Now handling font encoding PD1 ...
... no UTF-8 mapping file for font encoding PD1
) (C:\Users\hugob\AppData\Local\Programs\MiKTeX\tex/generic/intcalc\intcalc.sty
Package: intcalc 2019/12/15 v1.3 Expandable calculations with integers (HO)
)
\Hy@SavedSpaceFactor=\count324
 (C:\Users\hugob\AppData\Local\Programs\MiKTeX\tex/latex/hyperref\puenc.def
File: puenc.def 2026-01-29 v7.01p Hyperref: PDF Unicode definition (HO)
Now handling font encoding PU ...
... no UTF-8 mapping file for font encoding PU
)
Package hyperref Info: Hyper figures OFF on input line 4201.
Package hyperref Info: Link nesting OFF on input line 4206.
Package hyperref Info: Hyper index ON on input line 4209.
Package hyperref Info: Plain pages OFF on input line 4216.
Package hyperref Info: Backreferencing OFF on input line 4221.
Package hyperref Info: Implicit mode ON; LaTeX internals redefined.
Package hyperref Info: Bookmarks ON on input line 4468.
\c@Hy@tempcnt=\count325
 (C:\Users\hugob\AppData\Local\Programs\MiKTeX\tex/latex/url\url.sty
\Urlmuskip=\muskip17
Package: url 2013/09/16  ver 3.4  Verb mode for urls, etc.
)
LaTeX Info: Redefining \url on input line 4807.
\XeTeXLinkMargin=\dimen287
 (C:\Users\hugob\AppData\Local\Programs\MiKTeX\tex/generic/bitset\bitset.sty
Package: bitset 2019/12/09 v1.3 Handle bit-vector datatype (HO)
 (C:\Users\hugob\AppData\Local\Programs\MiKTeX\tex/generic/bigintcalc\bigintcalc.sty
Package: bigintcalc 2019/12/15 v1.5 Expandable calculations on big integers (HO)
))
\Fld@menulength=\count326
\Field@Width=\dimen288
\Fld@charsize=\dimen289
Package hyperref Info: Hyper figures OFF on input line 6084.
Package hyperref Info: Link nesting OFF on input line 6089.
Package hyperref Info: Hyper index ON on input line 6092.
Package hyperref Info: backreferencing OFF on input line 6099.
Package hyperref Info: Link coloring OFF on input line 6104.
Package hyperref Info: Link coloring with OCG OFF on input line 6109.
Package hyperref Info: PDF/A mode OFF on input line 6114.
\Hy@abspage=\count327
\c@Item=\count328
\c@Hfootnote=\count329
)
Package hyperref Info: Driver (autodetected): hpdftex.
 (C:\Users\hugob\AppData\Local\Programs\MiKTeX\tex/latex/hyperref\hpdftex.def
File: hpdftex.def 2026-01-29 v7.01p Hyperref driver for pdfTeX
\Fld@listcount=\count330
\c@bookmark@seq@number=\count331
 (C:\Users\hugob\AppData\Local\Programs\MiKTeX\tex/latex/rerunfilecheck\rerunfilecheck.sty
Package: rerunfilecheck 2025-06-21 v1.11 Rerun checks for auxiliary files (HO)
 (C:\Users\hugob\AppData\Local\Programs\MiKTeX\tex/generic/uniquecounter\uniquecounter.sty
Package: uniquecounter 2019/12/15 v1.4 Provide unlimited unique counter (HO)
)
Package uniquecounter Info: New unique counter `rerunfilecheck' on input line 284.
)
\Hy@SectionHShift=\skip55
) (styles/TesePack.tex (C:\Users\hugob\AppData\Local\Programs\MiKTeX\tex/latex/tools\layout.sty
Package: layout 2023-08-20 v1.2e Show layout parameters
\oneinch=\count332
\cnt@paperwidth=\count333
\cnt@paperheight=\count334
\cnt@hoffset=\count335
\cnt@voffset=\count336
\cnt@textheight=\count337
\cnt@textwidth=\count338
\cnt@topmargin=\count339
\cnt@oddsidemargin=\count340
\cnt@evensidemargin=\count341
\cnt@headheight=\count342
\cnt@headsep=\count343
\cnt@marginparsep=\count344
\cnt@marginparwidth=\count345
\cnt@marginparpush=\count346
\cnt@footskip=\count347
\fheight=\count348
\ref@top=\count349
\ref@hoffset=\count350
\ref@voffset=\count351
\ref@head=\count352
\ref@body=\count353
\ref@foot=\count354
\ref@margin=\count355
\ref@marginwidth=\count356
\ref@marginpar=\count357
\Interval=\count358
\ExtraYPos=\count359
\PositionX=\count360
\PositionY=\count361
\ArrowLength=\count362
) (C:\Users\hugob\AppData\Local\Programs\MiKTeX\tex/generic/babel\babel.sty
Package: babel 2026/03/08 v26.4 The multilingual framework for LuaLaTeX, pdfLaTeX and XeLaTeX
\babel@savecnt=\count363
LaTeX Encoding Info:    Redeclaring text command \ij (encoding OT1) on input line 2078.
LaTeX Encoding Info:    Redeclaring text command \IJ (encoding OT1) on input line 2080.
LaTeX Encoding Info:    Redeclaring text command \ij (encoding T1) on input line 2082.
LaTeX Encoding Info:    Redeclaring text command \IJ (encoding T1) on input line 2083.
LaTeX Encoding Info:    Ignoring declaration for text command \ij (encoding ?) on input line 2084.
LaTeX Encoding Info:    Ignoring declaration for text command \IJ (encoding ?) on input line 2086.
LaTeX Encoding Info:    Ignoring declaration for text command \SS (encoding ?) on input line 2111.
\U@D=\dimen290
\l@unhyphenated=\language79
 (C:\Users\hugob\AppData\Local\Programs\MiKTeX\tex/generic/babel\txtbabel.def)
\bbl@readstream=\read3
\bbl@dirlevel=\count364
Package babel Info: Configuration files are deprecated, as
(babel)             they can break document portability.
(babel)             Reported on input line 4206.

*************************************
* Local config file bblopts.cfg used
*
(C:\Users\hugob\AppData\Local\Programs\MiKTeX\tex/latex/arabi\bblopts.cfg
File: bblopts.cfg 2005/09/08 v0.1 add Arabic and Farsi to "declared" options of babel
) (C:\Users\hugob\AppData\Local\Programs\MiKTeX\tex/generic/babel/locale/en\babel-english.tex) (C:\Users\hugob\AppData\Local\Programs\MiKTeX\tex/generic/babel/locale/pt\babel-brazilian.tex)
Package babel Info: Importing font and identification data for english
(babel)             from babel-en.ini. Reported on input line 4330.
 (C:\Users\hugob\AppData\Local\Programs\MiKTeX\tex/latex/babel-english\english.ldf
Language: english 2017/06/06 v3.3r English support from the babel system
Package babel Info: Hyphen rules for 'canadian' set to \l@english
(babel)             (\language0). Reported on input line 102.
Package babel Info: Hyphen rules for 'australian' set to \l@ukenglish
(babel)             (\language73). Reported on input line 105.
Package babel Info: Hyphen rules for 'newzealand' set to \l@ukenglish
(babel)             (\language73). Reported on input line 108.
)
Package babel Info: Importing font and identification data for brazilian
(babel)             from babel-pt-BR.ini. Reported on input line 4330.
 (C:\Users\hugob\AppData\Local\Programs\MiKTeX\tex/latex/babel-portuges\brazilian.ldf
Language: portuges 2026/01/24 v1.2u Portuguese support from the babel system
Package babel Info: Hyphen rules for 'brazilian' set to \l@portuguese
(babel)             (\language56). Reported on input line 100.
Package babel Info: Making " an active character on input line 132.
)) (styles/pagina.sty) (C:\Users\hugob\AppData\Local\Programs\MiKTeX\tex/latex/tools\indentfirst.sty
Package: indentfirst 2023/07/02 v1.03 Indent first paragraph (DPC)
) (C:\Users\hugob\AppData\Local\Programs\MiKTeX\tex/latex/graphics\epsfig.sty
Package: epsfig 2024/01/14 v1.7b (e)psfig emulation (SPQR)
\epsfxsize=\dimen291
\epsfysize=\dimen292
) (C:\Users\hugob\AppData\Local\Programs\MiKTeX\tex/latex/pstricks\pstricks.sty
Package: pstricks 2024/02/02 v0.75 LaTeX wrapper for `PSTricks' (RN,HV)
 (C:\Users\hugob\AppData\Local\Programs\MiKTeX\tex/generic/xkeyval\pst-xkey.tex
File: pst-xkey.tex 2005/11/25 v1.6 PSTricks specialization of xkeyval (HA)
 (C:\Users\hugob\AppData\Local\Programs\MiKTeX\tex/latex/xkeyval\xkeyval.sty
Package: xkeyval 2022/06/16 v2.9 package option processing (HA)
 (C:\Users\hugob\AppData\Local\Programs\MiKTeX\tex/generic/xkeyval\xkeyval.tex (C:\Users\hugob\AppData\Local\Programs\MiKTeX\tex/generic/xkeyval\xkvutils.tex
\XKV@toks=\toks37
\XKV@tempa@toks=\toks38
)
\XKV@depth=\count365
File: xkeyval.tex 2014/12/03 v2.7a key=value parser (HA)
))) (C:\Users\hugob\AppData\Local\Programs\MiKTeX\tex/generic/pstricks\pstricks.tex (C:\Users\hugob\AppData\Local\Programs\MiKTeX\tex/generic/pstricks\pst-fp.tex `pst-fp' v0.06, 2020/11/20 (hv)
\pstFP@xs=\count366
\pstFP@xia=\count367
\pstFP@xib=\count368
\pstFP@xfa=\count369
\pstFP@xfb=\count370
\pstFP@rega=\count371
\pstFP@regb=\count372
\pstFP@regs=\count373
\pstFP@times=\count374
)
\psLoopIndex=\count375

`PSTricks' v3.22A  <2025/12/13> (tvz,hv)
\pst@dima=\dimen293
\pst@dimb=\dimen294
\pst@dimc=\dimen295
\pst@dimd=\dimen296
\pst@dimg=\dimen297
\pst@dimh=\dimen298
\pst@dimm=\dimen299
\pst@dimn=\dimen300
\pst@dimo=\dimen301
\pst@dimp=\dimen302
\pst@hbox=\box70
\pst@ibox=\box71
\pst@boxg=\box72
\pst@cnta=\count376
\pst@cntb=\count377
\pst@cntc=\count378
\pst@cntd=\count379
\pst@cntg=\count380
\pst@cnth=\count381
\pst@cntm=\count382
\pst@cntn=\count383
\pst@cnto=\count384
\pst@cntp=\count385
\@zero=\count386
\pst@toks=\toks39
--- We are running latex or xelatex ---
(C:\Users\hugob\AppData\Local\Programs\MiKTeX\tex/generic/pstricks\pstricks.con) (C:\Users\hugob\AppData\Local\Programs\MiKTeX\tex/generic/pstricks\pstricks-color.tex)
\psunit=\dimen303
\psxunit=\dimen304
\psyunit=\dimen305
\pst@C@@rType=\count387
\pslinewidth=\dimen306
\psk@startLW=\dimen307
\psk@endLW=\dimen308
 (C:\Users\hugob\AppData\Local\Programs\MiKTeX\tex/generic/pstricks\pstricks-arrows.tex
\pshooklength=\dimen309
\pshookwidth=\dimen310
)
\pst@customdefs=\toks40
 (C:\Users\hugob\AppData\Local\Programs\MiKTeX\tex/generic/pstricks\pstricks-dots.tex)
\pslinearc=\dimen311
\pst@symbolStep=\dimen312
\pst@symbolWidth=\dimen313
\pst@symbolLinewidth=\dimen314
 (C:\Users\hugob\AppData\Local\Programs\MiKTeX\tex/generic/pstricks\pst-code-grid.tex) (C:\Users\hugob\AppData\Local\Programs\MiKTeX\tex/generic/pstricks\pst-code-box.tex
\everypsbox=\toks41
\psframesep=\dimen315
) (C:\Users\hugob\AppData\Local\Programs\MiKTeX\tex/generic/pstricks\pst-code-arc.tex) (C:\Users\hugob\AppData\Local\Programs\MiKTeX\tex/generic/pstricks\pst-code-circle_ellipse.tex) (C:\Users\hugob\AppData\Local\Programs\MiKTeX\tex/generic/pstricks\pst-code-ref_rot.tex) (C:\Users\hugob\AppData\Local\Programs\MiKTeX\tex/generic/pstricks\pst-code-put.tex
\pslabelsep=\dimen316
) (C:\Users\hugob\AppData\Local\Programs\MiKTeX\tex/generic/pstricks\pst-code-pspicture.tex
\sh@wgridXunit=\dimen317
\sh@wgridYunit=\dimen318
\pst@shift=\dimen319
\ps@imagectr=\count388
) (C:\Users\hugob\AppData\Local\Programs\MiKTeX\tex/generic/pstricks\pstricks.con))
File: pstricks.tex 2025/12/13 v3.22A `PSTricks' (tvz,hv)
 (C:\Users\hugob\AppData\Local\Programs\MiKTeX\tex/generic/pstricks\pst-fp.tex `pst-fp' v0.06, 2020/11/20 (hv))
File: pst-fp.tex 2020/11/20 v0.06 `PST-fp' (hv)
) (C:\Users\hugob\AppData\Local\Programs\MiKTeX\tex/latex/pst-node\pst-node.sty
Package: pst-node 2012/09/18 v1.01 LaTeX wrapper for `pst-node' (HV)
Package: pst-node 2010/04/22 package wrapper for pst-node.tex
 (C:\Users\hugob\AppData\Local\Programs\MiKTeX\tex/generic/pst-node\pst-node.tex  v1.44, 2024/07/04
\psrow=\count389
\pscol=\count390
\psmatrixcnt=\count391
\psrowsep=\skip56
\pscolsep=\skip57
\pst@args=\count392
\num@pts=\count393
\pst@argcnt=\count394
)
File: pst-node.tex 2024/07/04 1.44 `pst-node' (tvz,hv)
) (C:\Users\hugob\AppData\Local\Programs\MiKTeX\tex/latex/pst-tree\pst-tree.sty
Package: pst-tree 2009/01/25 package wrapper for pst-tree.tex
 (C:\Users\hugob\AppData\Local\Programs\MiKTeX\tex/generic/pst-tree\pst-tree.tex  v1.14, 2021/09/04(tvz,dg,hv)
\pstree@rootbox=\box73
\pstree@box=\box74
\psnodecnt=\count395
\pstreelevel=\count396
\pstreecnt=\count397
\pstree@cnt=\count398
\pstree@stop=\count399
)
File: pst-tree.tex 2021/09/04 1.14 `pst-tree' (tvz,hv)
) (C:\Users\hugob\AppData\Local\Programs\MiKTeX\tex/latex/base\alltt.sty
Package: alltt 2024/07/07 v2.0g defines alltt environment
) (C:\Users\hugob\AppData\Local\Programs\MiKTeX\tex/latex/graphics\rotating.sty
Package: rotating 2025/01/14 v2.16e rotated objects in LaTeX
 (C:\Users\hugob\AppData\Local\Programs\MiKTeX\tex/latex/base\ifthen.sty
Package: ifthen 2024/03/16 v1.1e Standard LaTeX ifthen package (DPC)
)
\c@r@tfl@t=\count400
\rotFPtop=\skip58
\rotFPbot=\skip59
\rot@float@box=\box75
\rot@mess@toks=\toks42
) (C:\Users\hugob\AppData\Local\Programs\MiKTeX\tex/latex/tools\enumerate.sty
Package: enumerate 2023/07/04 v3.00 enumerate extensions (DPC)
\@enLab=\toks43
) (C:\Users\hugob\AppData\Local\Programs\MiKTeX\tex/latex/amsmath\amsmath.sty
Package: amsmath 2025/07/09 v2.17z AMS math features
\@mathmargin=\skip60

For additional information on amsmath, use the `?' option.
(C:\Users\hugob\AppData\Local\Programs\MiKTeX\tex/latex/amsmath\amstext.sty
Package: amstext 2024/11/17 v2.01 AMS text
 (C:\Users\hugob\AppData\Local\Programs\MiKTeX\tex/latex/amsmath\amsgen.sty
File: amsgen.sty 1999/11/30 v2.0 generic functions
\@emptytoks=\toks44
\ex@=\dimen320
)) (C:\Users\hugob\AppData\Local\Programs\MiKTeX\tex/latex/amsmath\amsbsy.sty
Package: amsbsy 1999/11/29 v1.2d Bold Symbols
\pmbraise@=\dimen321
) (C:\Users\hugob\AppData\Local\Programs\MiKTeX\tex/latex/amsmath\amsopn.sty
Package: amsopn 2022/04/08 v2.04 operator names
)
\inf@bad=\count401
LaTeX Info: Redefining \frac on input line 233.
\uproot@=\count402
\leftroot@=\count403
LaTeX Info: Redefining \overline on input line 398.
LaTeX Info: Redefining \colon on input line 409.
\classnum@=\count404
\DOTSCASE@=\count405
LaTeX Info: Redefining \ldots on input line 495.
LaTeX Info: Redefining \dots on input line 498.
LaTeX Info: Redefining \cdots on input line 619.
\Mathstrutbox@=\box76
\strutbox@=\box77
LaTeX Info: Redefining \big on input line 721.
LaTeX Info: Redefining \Big on input line 722.
LaTeX Info: Redefining \bigg on input line 723.
LaTeX Info: Redefining \Bigg on input line 724.
\big@size=\dimen322
LaTeX Font Info:    Redeclaring font encoding OML on input line 742.
LaTeX Font Info:    Redeclaring font encoding OMS on input line 743.
\macc@depth=\count406
LaTeX Info: Redefining \bmod on input line 904.
LaTeX Info: Redefining \pmod on input line 909.
LaTeX Info: Redefining \smash on input line 939.
LaTeX Info: Redefining \relbar on input line 969.
LaTeX Info: Redefining \Relbar on input line 970.
\c@MaxMatrixCols=\count407
\dotsspace@=\muskip18
\c@parentequation=\count408
\dspbrk@lvl=\count409
\tag@help=\toks45
\row@=\count410
\column@=\count411
\maxfields@=\count412
\andhelp@=\toks46
\eqnshift@=\dimen323
\alignsep@=\dimen324
\tagshift@=\dimen325
\tagwidth@=\dimen326
\totwidth@=\dimen327
\lineht@=\dimen328
\@envbody=\toks47
\multlinegap=\skip61
\multlinetaggap=\skip62
\mathdisplay@stack=\toks48
LaTeX Info: Redefining \[ on input line 2950.
LaTeX Info: Redefining \] on input line 2951.
) (C:\Users\hugob\AppData\Local\Programs\MiKTeX\tex/latex/amsfonts\amssymb.sty
Package: amssymb 2013/01/14 v3.01 AMS font symbols
 (C:\Users\hugob\AppData\Local\Programs\MiKTeX\tex/latex/amsfonts\amsfonts.sty
Package: amsfonts 2013/01/14 v3.01 Basic AMSFonts support
\symAMSa=\mathgroup4
\symAMSb=\mathgroup5
LaTeX Font Info:    Redeclaring math symbol \hbar on input line 98.
LaTeX Font Info:    Overwriting math alphabet `\mathfrak' in version `bold'
(Font)                  U/euf/m/n --> U/euf/b/n on input line 106.
)) (styles/portland.sty
\paperheight=\dimen329
\phoffset=\dimen330
\pvoffset=\dimen331
\ptextwidth=\dimen332
\ptextheight=\dimen333
\ptopmargin=\dimen334
\poddsidemargin=\dimen335
\pevensidemargin=\dimen336
\lhoffset=\dimen337
\lvoffset=\dimen338
\ltextwidth=\dimen339
\ltextheight=\dimen340
\ltopmargin=\dimen341
\loddsidemargin=\dimen342
\levensidemargin=\dimen343
)) (C:\Users\hugob\AppData\Local\Programs\MiKTeX\tex/latex/tools\longtable.sty
Package: longtable 2025-10-13 v4.24 Multi-page Table package (DPC)
\LTleft=\skip63
\LTright=\skip64
\LTpre=\skip65
\LTpost=\skip66
\LTchunksize=\count413
\LTcapwidth=\dimen344
\LT@head=\box78
\LT@firsthead=\box79
\LT@foot=\box80
\LT@lastfoot=\box81
\LT@gbox=\box82
\LT@cols=\count414
\LT@rows=\count415
\c@LT@tables=\count416
\c@LT@chunks=\count417
\LT@p@ftn=\toks49
) (C:\Users\hugob\AppData\Local\Programs\MiKTeX\tex/latex/l3backend\l3backend-pdftex.def
File: l3backend-pdftex.def 2025-10-09 L3 backend support: PDF output (pdfTeX)
\l__color_backend_stack_int=\count418
) (c:\Users\hugob\Documents\TCC\Projeto_de_Graduacao___Hugo_de_Barros_Araujo\build\Projeto_de_Graduacao___Hugo_de_Barros_Araujo.aux
Package babel Info: 'brazilian' activates 'portuges' shorthands.
(babel)             Reported on input line 8.
)
\openout1 = `Projeto_de_Graduacao___Hugo_de_Barros_Araujo.aux'.

LaTeX Font Info:    Checking defaults for OML/cmm/m/it on input line 44.
LaTeX Font Info:    ... okay on input line 44.
LaTeX Font Info:    Checking defaults for OMS/cmsy/m/n on input line 44.
LaTeX Font Info:    ... okay on input line 44.
LaTeX Font Info:    Checking defaults for OT1/cmr/m/n on input line 44.
LaTeX Font Info:    ... okay on input line 44.
LaTeX Font Info:    Checking defaults for T1/cmr/m/n on input line 44.
LaTeX Font Info:    ... okay on input line 44.
LaTeX Font Info:    Checking defaults for TS1/cmr/m/n on input line 44.
LaTeX Font Info:    ... okay on input line 44.
LaTeX Font Info:    Checking defaults for OMX/cmex/m/n on input line 44.
LaTeX Font Info:    ... okay on input line 44.
LaTeX Font Info:    Checking defaults for U/cmr/m/n on input line 44.
LaTeX Font Info:    ... okay on input line 44.
LaTeX Font Info:    Checking defaults for PD1/pdf/m/n on input line 44.
LaTeX Font Info:    ... okay on input line 44.
LaTeX Font Info:    Checking defaults for PU/pdf/m/n on input line 44.
LaTeX Font Info:    ... okay on input line 44.
\c@lstlisting=\count419
 (C:\Users\hugob\AppData\Local\Programs\MiKTeX\tex/context/base/mkii\supp-pdf.mkii
[Loading MPS to PDF converter (version 2006.09.02).]
\scratchcounter=\count420
\scratchdimen=\dimen345
\scratchbox=\box83
\nofMPsegments=\count421
\nofMParguments=\count422
\everyMPshowfont=\toks50
\MPscratchCnt=\count423
\MPscratchDim=\dimen346
\MPnumerator=\count424
\makeMPintoPDFobject=\count425
\everyMPtoPDFconversion=\toks51
) (C:\Users\hugob\AppData\Local\Programs\MiKTeX\tex/latex/epstopdf-pkg\epstopdf-base.sty
Package: epstopdf-base 2020-01-24 v2.11 Base part for package epstopdf
Package epstopdf-base Info: Redefining graphics rule for `.eps' on input line 485.
 (C:\Users\hugob\AppData\Local\Programs\MiKTeX\tex/latex/00miktex\epstopdf-sys.cfg
File: epstopdf-sys.cfg 2021/03/18 v2.0 Configuration of epstopdf for MiKTeX
))
Package hyperref Info: Link coloring OFF on input line 44.
 (c:\Users\hugob\Documents\TCC\Projeto_de_Graduacao___Hugo_de_Barros_Araujo\build\Projeto_de_Graduacao___Hugo_de_Barros_Araujo.out) (c:\Users\hugob\Documents\TCC\Projeto_de_Graduacao___Hugo_de_Barros_Araujo\build\Projeto_de_Graduacao___Hugo_de_Barros_Araujo.out)
\@outlinefile=\write4
\openout4 = `Projeto_de_Graduacao___Hugo_de_Barros_Araujo.out'.

 (frontmatter/Capa.tex
Package epstopdf Info: Source file: <./figuras/poli_novo.eps>
(epstopdf)                    date: 2026-03-28 12:04:50
(epstopdf)                    size: 52673 bytes
(epstopdf)             Output file: <./figuras/poli_novo-eps-converted-to.pdf>
(epstopdf)                    date: 2026-03-28 14:40:29
(epstopdf)                    size: 30654 bytes
(epstopdf)             Command: <miktex-epstopdf --outfile=./figuras/poli_novo-eps-converted-to.pdf ./figuras/poli_novo.eps>
(epstopdf)             \includegraphics on input line 1.
Package epstopdf Info: Output file is already uptodate.
<./figuras/poli_novo-eps-converted-to.pdf, id=170, 104.39pt x 45.16875pt>
File: ./figuras/poli_novo-eps-converted-to.pdf Graphic file (type pdf)
<use ./figuras/poli_novo-eps-converted-to.pdf>
Package pdftex.def Info: ./figuras/poli_novo-eps-converted-to.pdf  used on input line 1.
(pdftex.def)             Requested size: 156.58458pt x 67.75293pt.

Underfull \hbox (badness 10000) in paragraph at lines 10--10

 []

LaTeX Font Info:    Trying to load font information for U+msa on input line 10.
(C:\Users\hugob\AppData\Local\Programs\MiKTeX\tex/latex/amsfonts\umsa.fd
File: umsa.fd 2013/01/14 v3.01 AMS symbols A
)
LaTeX Font Info:    Trying to load font information for U+msb on input line 10.
 (C:\Users\hugob\AppData\Local\Programs\MiKTeX\tex/latex/amsfonts\umsb.fd
File: umsb.fd 2013/01/14 v3.01 AMS symbols B
)
Overfull \hbox (2.61047pt too wide) in paragraph at lines 9--14
   $[]$
 []

[1
Non-PDF special ignored!
<special> header=pstricks.pro
Non-PDF special ignored!
<special> header=pst-algparser.pro
Non-PDF special ignored!
<special> header=pst-tools.pro
Non-PDF special ignored!
<special> header=pst-dots.pro
Non-PDF special ignored!
<special> header=pst-node.pro

Non-PDF special ignored!
<special> ps: /pssetRGBcolor /setrgbcolor load def /pssetCMYKcolor /setcmyk...
Non-PDF special ignored!
<special> ps:tx@Dict begin  gsave STV CP T /ps@rot 0 def grestore  end
Non-PDF special ignored!
<special> ps:tx@Dict begin  gsave STV CP T /ps@refangle 0.  def grestore  e...
Non-PDF special ignored!
<special> ps:tx@Dict begin  gsave STV CP T /ps@rot 0 def grestore  end
Non-PDF special ignored!
<special> ps:0.8 setlinewidth 0 setgray

{C:/Users/hugob/AppData/Local/MiKTeX/fonts/map/pdftex/pdftex.map} <./figuras/poli_novo-eps-converted-to.pdf>]
Overfull \hbox (0.99094pt too wide) in paragraph at lines 32--33
\T1/cmr/m/n/12 PROJETO DE GRA-DU-A-ÇĂO SUB-ME-TIDO AO CORPO DO-CENTE DO CURSO
 []

) [2] (frontmatter/Preambulo.tex
Overfull \hbox (16.85007pt too wide) in paragraph at lines 8--16
\T1/cmr/m/it/12 GENTE E APREN-DI-ZADO POR RE-FORÇO APLI-CA-DOS A META-HEURÍSTICAS
 []


Underfull \hbox (badness 10000) in paragraph at lines 8--16

 []

[3] [4] [5]
Overfull \hbox (7.83427pt too wide) in paragraph at lines 76--77
[]\T1/cmr/m/n/12 Otimizaçăo Com-bi-na-tó-ria, VRPTW, Sis-te-mas Mul-ti-a-gen-tes, Meta-
 []

[6] [7] [8]) (c:\Users\hugob\Documents\TCC\Projeto_de_Graduacao___Hugo_de_Barros_Araujo\build\Projeto_de_Graduacao___Hugo_de_Barros_Araujo.toc [9

])
\tf@toc=\write5
\openout5 = `Projeto_de_Graduacao___Hugo_de_Barros_Araujo.toc'.

 [10] (c:\Users\hugob\Documents\TCC\Projeto_de_Graduacao___Hugo_de_Barros_Araujo\build\Projeto_de_Graduacao___Hugo_de_Barros_Araujo.lof)
\tf@lof=\write6
\openout6 = `Projeto_de_Graduacao___Hugo_de_Barros_Araujo.lof'.

 [11

] (c:\Users\hugob\Documents\TCC\Projeto_de_Graduacao___Hugo_de_Barros_Araujo\build\Projeto_de_Graduacao___Hugo_de_Barros_Araujo.lot)
\tf@lot=\write7
\openout7 = `Projeto_de_Graduacao___Hugo_de_Barros_Araujo.lot'.

 [12

]
Cap\'{\i }tulo 1.
(chapters/cap1.tex [1



] [2] [3] [4]) [5]
Cap\'{\i }tulo 2.
(chapters/cap2.tex [6

] [7] [8] [9] [10] [11] [12]
<./figuras/path_relinking.png, id=496, 723.70375pt x 321.2pt>
File: ./figuras/path_relinking.png Graphic file (type png)
<use ./figuras/path_relinking.png>
Package pdftex.def Info: ./figuras/path_relinking.png  used on input line 169.
(pdftex.def)             Requested size: 361.85098pt x 160.59961pt.
 [13] [14 <./figuras/path_relinking.png>] [15] [16] [17]
Overfull \hbox (0.91928pt too wide) in paragraph at lines 297--297
[]\T1/cmr/bx/n/17.28 Avaliaçăo es-ta-tís-tica de de-sem-pe-nho al-go-rít-mico 
 []

[18] [19]) [20]
Cap\'{\i }tulo 3.
(chapters/cap3.tex [21

]
<./figuras/solomon_rc201.png, id=575, 630.10406pt x 473.51906pt>
File: ./figuras/solomon_rc201.png Graphic file (type png)
<use ./figuras/solomon_rc201.png>
Package pdftex.def Info: ./figuras/solomon_rc201.png  used on input line 17.
(pdftex.def)             Requested size: 315.05125pt x 236.75894pt.
<./figuras/solucao_otima_rc201.png, id=576, 607.7907pt x 450.9648pt>
File: ./figuras/solucao_otima_rc201.png Graphic file (type png)
<use ./figuras/solucao_otima_rc201.png>
Package pdftex.def Info: ./figuras/solucao_otima_rc201.png  used on input line 30.
(pdftex.def)             Requested size: 303.8946pt x 225.48184pt.
 [22 <./figuras/solomon_rc201.png>] [23 <./figuras/solucao_otima_rc201.png>]
Overfull \hbox (5.85287pt too wide) in paragraph at lines 58--59
[]\T1/cmr/bx/n/12 Seleçăo por Di-ver-si-dade: \T1/cmr/m/n/12 O sis-tema se-le-ci-ona a me-lhor so-lu-çăo atual (\T1/cmr/m/it/12 source\T1/cmr/m/n/12 )
 []

[24] [25] [26]
Overfull \hbox (5.6981pt too wide) in paragraph at lines 154--155
[]\T1/cmr/bx/n/12 Espaço de Açőes ($\OML/cmm/m/it/12 A$\T1/cmr/bx/n/12 ): \T1/cmr/m/n/12 Cor-res-ponde ŕ se-le-çăo de uma das tręs meta-heurísticas
 []

[27]
Overfull \hbox (6.03908pt too wide) in paragraph at lines 169--170
 [][] \T1/cmr/m/n/12 No mé-todo fi-nal im-ple-men-tado (classe \T1/cmtt/m/n/12 VRPOptimizationModelRL\T1/cmr/m/n/12 ), cada \T1/cmr/m/it/12 step \T1/cmr/m/n/12 ocorre
 []


Underfull \hbox (badness 10000) in paragraph at lines 230--230
[]\T1/cmr/m/n/12 Figura 3.4: [][] \T1/cmr/m/n/10.95 Fluxo de exe-cu-çăo do mé-todo fi-nal im-ple-men-tado em
 []

[28] [29]) [30]
Cap\'{\i }tulo 4.
(chapters/cap4.tex [31

] [32] [33]
<./figuras/K_boxplot.png, id=738, 643.203pt x 354.123pt>
File: ./figuras/K_boxplot.png Graphic file (type png)
<use ./figuras/K_boxplot.png>
Package pdftex.def Info: ./figuras/K_boxplot.png  used on input line 101.
(pdftex.def)             Requested size: 426.79134pt x 234.9755pt.
 [34]
<./figuras/D_boxplot.png, id=748, 643.203pt x 354.123pt>
File: ./figuras/D_boxplot.png Graphic file (type png)
<use ./figuras/D_boxplot.png>
Package pdftex.def Info: ./figuras/D_boxplot.png  used on input line 107.
(pdftex.def)             Requested size: 426.79134pt x 234.9755pt.
 [35 <./figuras/K_boxplot.png> <./figuras/D_boxplot.png>]
<./figuras/agregado_K.png, id=757, 642.4803pt x 354.123pt>
File: ./figuras/agregado_K.png Graphic file (type png)
<use ./figuras/agregado_K.png>
Package pdftex.def Info: ./figuras/agregado_K.png  used on input line 123.
(pdftex.def)             Requested size: 426.79134pt x 235.24026pt.
 [36]
<./figuras/agregado_D.png, id=765, 642.4803pt x 354.123pt>
File: ./figuras/agregado_D.png Graphic file (type png)
<use ./figuras/agregado_D.png>
Package pdftex.def Info: ./figuras/agregado_D.png  used on input line 131.
(pdftex.def)             Requested size: 426.79134pt x 235.24026pt.
 [37 <./figuras/agregado_K.png>]
<./figuras/resultado_instancias.png, id=776, 1149.093pt x 1727.253pt>
File: ./figuras/resultado_instancias.png Graphic file (type png)
<use ./figuras/resultado_instancias.png>
Package pdftex.def Info: ./figuras/resultado_instancias.png  used on input line 148.
(pdftex.def)             Requested size: 384.10959pt x 577.37486pt.
 [38 <./figuras/agregado_D.png>] [39 <./figuras/resultado_instancias.png>] [40] [41]
<./figuras/cd_diagram.png, id=807, 630.9171pt x 277.5168pt>
File: ./figuras/cd_diagram.png Graphic file (type png)
<use ./figuras/cd_diagram.png>
Package pdftex.def Info: ./figuras/cd_diagram.png  used on input line 217.
(pdftex.def)             Requested size: 362.77524pt x 159.5709pt.
) [42 <./figuras/cd_diagram.png>] [43]
Cap\'{\i }tulo 5.
(chapters/cap5.tex [44

] [45]
<./figuras/waiting_time.png, id=837, 637.63219pt x 416.30531pt>
File: ./figuras/waiting_time.png Graphic file (type png)
<use ./figuras/waiting_time.png>
Package pdftex.def Info: ./figuras/waiting_time.png  used on input line 27.
(pdftex.def)             Requested size: 318.8153pt x 208.15215pt.
) [46 <./figuras/waiting_time.png>] (c:\Users\hugob\Documents\TCC\Projeto_de_Graduacao___Hugo_de_Barros_Araujo\build\Projeto_de_Graduacao___Hugo_de_Barros_Araujo.bbl [47


]) [48]
Ap\^endice A.
(appendices/ApendiceA.tex
<./figuras/C101_map.png, id=857, 552.56438pt x 401.24907pt>
File: ./figuras/C101_map.png Graphic file (type png)
<use ./figuras/C101_map.png>
Package pdftex.def Info: ./figuras/C101_map.png  used on input line 12.
(pdftex.def)             Requested size: 276.28151pt x 200.62404pt.
<./figuras/R101_map.png, id=858, 561.59813pt x 402.00188pt>
File: ./figuras/R101_map.png Graphic file (type png)
<use ./figuras/R101_map.png>
Package pdftex.def Info: ./figuras/R101_map.png  used on input line 24.
(pdftex.def)             Requested size: 280.79837pt x 201.00044pt.
 [49

 <./figuras/C101_map.png>]
<./figuras/RC101_map.png, id=866, 563.10374pt x 407.27156pt>
File: ./figuras/RC101_map.png Graphic file (type png)
<use ./figuras/RC101_map.png>
Package pdftex.def Info: ./figuras/RC101_map.png  used on input line 36.
(pdftex.def)             Requested size: 281.55118pt x 203.63527pt.
 [50 <./figuras/R101_map.png> <./figuras/RC101_map.png>]) [51]
Ap\^endice B.
(appendices/ApendiceB.tex) [52

] [53]
Ap\^endice C.
(appendices/ApendiceC.tex
ignored: Infinite glue shrinkage found in box being split [54

]
ignored: Infinite glue shrinkage found in box being split [55]) [56] (c:\Users\hugob\Documents\TCC\Projeto_de_Graduacao___Hugo_de_Barros_Araujo\build\Projeto_de_Graduacao___Hugo_de_Barros_Araujo.aux)
 ***********
LaTeX2e <2025-11-01>
L3 programming layer <2026-01-19>
 ***********
Package rerunfilecheck Info: File `Projeto_de_Graduacao___Hugo_de_Barros_Araujo.out' has not changed.
(rerunfilecheck)             Checksum: B96539E3DC36B2AD45C307E985A29C43;7375.
 ) 
Here is how much of TeX's memory you used:
 28092 strings out of 467867
 509926 string characters out of 5418334
 1387705 words of memory out of 5000000
 56046 multiletter control sequences out of 15000+600000
 653126 words of font info for 99 fonts, out of 8000000 for 9000
 1141 hyphenation exceptions out of 8191
 102i,10n,107p,1406b,2051s stack positions out of 10000i,1000n,20000p,200000b,200000s
 <C:\Users\hugob\AppData\Local\MiKTeX\fonts/pk/ljfour/jknappen/ec/dpi600\ecti1000.pk> <C:\Users\hugob\AppData\Local\MiKTeX\fonts/pk/ljfour/jknappen/ec/dpi600\ecrm1000.pk> <C:\Users\hugob\AppData\Local\MiKTeX\fonts/pk/ljfour/jknappen/ec/dpi600\ecbx1000.pk> <C:\Users\hugob\AppData\Local\MiKTeX\fonts/pk/ljfour/jknappen/ec/dpi600\ectt0800.pk> <C:\Users\hugob\AppData\Local\MiKTeX\fonts/pk/ljfour/jknappen/ec/dpi600\ecti1095.pk> <C:\Users\hugob\AppData\Local\MiKTeX\fonts/pk/ljfour/jknappen/ec/dpi600\ectt1095.pk> <C:\Users\hugob\AppData\Local\MiKTeX\fonts/pk/ljfour/jknappen/ec/dpi600\ecti0800.pk> <C:\Users\hugob\AppData\Local\MiKTeX\fonts/pk/ljfour/jknappen/ec/dpi600\ectt1200.pk> <C:\Users\hugob\AppData\Local\MiKTeX\fonts/pk/ljfour/jknappen/ec/dpi600\ecrm0800.pk> <C:\Users\hugob\AppData\Local\MiKTeX\fonts/pk/ljfour/jknappen/ec/dpi600\ecbi1440.pk> <C:\Users\hugob\AppData\Local\MiKTeX\fonts/pk/ljfour/jknappen/ec/dpi600\ecbi1200.pk> <C:\Users\hugob\AppData\Local\MiKTeX\fonts/pk/ljfour/jknappen/ec/dpi600\ecbx1440.pk> <C:\Users\hugob\AppData\Local\MiKTeX\fonts/pk/ljfour/jknappen/ec/dpi600\tcrm1200.pk> <C:\Users\hugob\AppData\Local\MiKTeX\fonts/pk/ljfour/jknappen/ec/dpi600\ecbx1728.pk> <C:\Users\hugob\AppData\Local\MiKTeX\fonts/pk/ljfour/jknappen/ec/dpi600\ecrm1095.pk> <C:\Users\hugob\AppData\Local\MiKTeX\fonts/pk/ljfour/jknappen/ec/dpi600\ecbx2488.pk> <C:\Users\hugob\AppData\Local\MiKTeX\fonts/pk/ljfour/jknappen/ec/dpi600\ecbx1200.pk> <C:\Users\hugob\AppData\Local\MiKTeX\fonts/pk/ljfour/jknappen/ec/dpi600\ecti1200.pk> <C:\Users\hugob\AppData\Local\MiKTeX\fonts/pk/ljfour/jknappen/ec/dpi600\ecrm1200.pk> <C:\Users\hugob\AppData\Local\MiKTeX\fonts/pk/ljfour/jknappen/ec/dpi600\ecrm1440.pk><C:/Users/hugob/AppData/Local/Programs/MiKTeX/fonts/type1/public/amsfonts/cm/cmex10.pfb><C:/Users/hugob/AppData/Local/Programs/MiKTeX/fonts/type1/public/amsfonts/cm/cmmi10.pfb><C:/Users/hugob/AppData/Local/Programs/MiKTeX/fonts/type1/public/amsfonts/cm/cmmi12.pfb><C:/Users/hugob/AppData/Local/Programs/MiKTeX/fonts/type1/public/amsfonts/cm/cmmi6.pfb><C:/Users/hugob/AppData/Local/Programs/MiKTeX/fonts/type1/public/amsfonts/cm/cmmi7.pfb><C:/Users/hugob/AppData/Local/Programs/MiKTeX/fonts/type1/public/amsfonts/cm/cmmi8.pfb><C:/Users/hugob/AppData/Local/Programs/MiKTeX/fonts/type1/public/amsfonts/cm/cmr10.pfb><C:/Users/hugob/AppData/Local/Programs/MiKTeX/fonts/type1/public/amsfonts/cm/cmr12.pfb><C:/Users/hugob/AppData/Local/Programs/MiKTeX/fonts/type1/public/amsfonts/cm/cmr6.pfb><C:/Users/hugob/AppData/Local/Programs/MiKTeX/fonts/type1/public/amsfonts/cm/cmr8.pfb><C:/Users/hugob/AppData/Local/Programs/MiKTeX/fonts/type1/public/amsfonts/cm/cmsy10.pfb><C:/Users/hugob/AppData/Local/Programs/MiKTeX/fonts/type1/public/amsfonts/cm/cmsy6.pfb><C:/Users/hugob/AppData/Local/Programs/MiKTeX/fonts/type1/public/amsfonts/cm/cmsy7.pfb><C:/Users/hugob/AppData/Local/Programs/MiKTeX/fonts/type1/public/amsfonts/cm/cmsy8.pfb>
Output written on c:\Users\hugob\Documents\TCC\Projeto_de_Graduacao___Hugo_de_Barros_Araujo\build\Projeto_de_Graduacao___Hugo_de_Barros_Araujo.pdf (68 pages, 1491332 bytes).
PDF statistics:
 1960 PDF objects out of 2073 (max. 8388607)
 369 named destinations out of 1000 (max. 500000)
 411 words of extra memory for PDF output out of 10000 (max. 10000000)

